<?xml version="1.0" encoding="UTF-8"?>
<robot generator="Robot 7.3.2 (Python 3.13.7 on win32)" generated="2025-09-24T11:50:25.566545" rpa="false" schemaversion="5">
<suite id="s1" name="automationTraining" source="C:\Users\SaulMurillo\OneDrive - Inter-Con Security\Documentos\VSCode\automationTraining">
<suite id="s1-s1" name="Test" source="C:\Users\SaulMurillo\OneDrive - Inter-Con Security\Documentos\VSCode\automationTraining\test.robot">
<kw name="New Page" owner="Browser" type="SETUP">
<msg time="2025-09-24T11:50:25.894516" level="INFO">Starting Browser process C:\Users\SaulMurillo\AppData\Local\Programs\Python\Python313\Lib\site-packages\Browser\wrapper\index.js using at 127.0.0.1:63672</msg>
<msg time="2025-09-24T11:50:28.205073" level="INFO">Successfully initialized new page object and opened url: https://www.saucedemo.com/</msg>
<msg time="2025-09-24T11:50:28.205611" level="INFO">No browser and context was open. New browser and context was automatically opened when page is created.</msg>
<arg>https://www.saucedemo.com/</arg>
<arg>wait_until=load</arg>
<tag>BrowserControl</tag>
<tag>Setter</tag>
<doc>Open a new Page.</doc>
<status status="PASS" start="2025-09-24T11:50:25.859074" elapsed="2.346928"/>
</kw>
<test id="s1-s1-t1" name="Login with valid credentials navigates to products page" line="17">
<kw name="Type Text" owner="Browser">
<msg time="2025-09-24T11:50:28.229312" level="INFO">Types the text 'standard_user' in the given field.</msg>
<arg>id=user-name</arg>
<arg>standard_user</arg>
<tag>PageContent</tag>
<tag>Setter</tag>
<doc>Types the given ``txt`` into the text field found by ``selector``.</doc>
<status status="PASS" start="2025-09-24T11:50:28.227470" elapsed="0.123907"/>
</kw>
<kw name="Type Text" owner="Browser">
<msg time="2025-09-24T11:50:28.353178" level="INFO">Types the text 'secret_sauce' in the given field.</msg>
<arg>id=password</arg>
<arg>secret_sauce</arg>
<tag>PageContent</tag>
<tag>Setter</tag>
<doc>Types the given ``txt`` into the text field found by ``selector``.</doc>
<status status="PASS" start="2025-09-24T11:50:28.352166" elapsed="0.081955"/>
</kw>
<kw name="Click" owner="Browser">
<msg time="2025-09-24T11:50:28.435824" level="INFO">Clicks the element 'id=login-button'.</msg>
<arg>id=login-button</arg>
<tag>PageContent</tag>
<tag>Setter</tag>
<doc>Simulates mouse click on the element found by ``selector``.</doc>
<status status="PASS" start="2025-09-24T11:50:28.434617" elapsed="0.103937"/>
</kw>
<kw name="Wait For Elements State" owner="Browser">
<msg time="2025-09-24T11:50:28.561195" level="INFO">Waited for Element with selector css=.inventory_list at state visible</msg>
<arg>css=.inventory_list</arg>
<arg>visible</arg>
<tag>PageContent</tag>
<tag>Wait</tag>
<doc>Waits for the element found by ``selector`` to satisfy state option.</doc>
<status status="PASS" start="2025-09-24T11:50:28.539233" elapsed="0.022890"/>
</kw>
<kw name="Wait For Elements State" owner="Browser">
<msg time="2025-09-24T11:50:28.579326" level="INFO">Waited for Element with selector css=.header_secondary_container at state visible</msg>
<arg>css=.header_secondary_container</arg>
<arg>visible</arg>
<tag>PageContent</tag>
<tag>Wait</tag>
<doc>Waits for the element found by ``selector`` to satisfy state option.</doc>
<status status="PASS" start="2025-09-24T11:50:28.562834" elapsed="0.017109"/>
</kw>
<kw name="Get Url" owner="Browser">
<msg time="2025-09-24T11:50:28.593266" level="INFO">${current_url} = https://www.saucedemo.com/inventory.html</msg>
<var>${current_url}</var>
<tag>Assertion</tag>
<tag>Getter</tag>
<tag>PageContent</tag>
<doc>Returns the current URL.</doc>
<status status="PASS" start="2025-09-24T11:50:28.583857" elapsed="0.009897"/>
</kw>
<kw name="Should Be Equal As Strings" owner="BuiltIn">
<arg>${current_url}</arg>
<arg>https://www.saucedemo.com/inventory.html</arg>
<doc>Fails if objects are unequal after converting them to strings.</doc>
<status status="PASS" start="2025-09-24T11:50:28.594337" elapsed="0.000859"/>
</kw>
<kw name="Get Text" owner="Browser">
<msg time="2025-09-24T11:50:28.638198" level="INFO">Text: 'Products'</msg>
<msg time="2025-09-24T11:50:28.639639" level="INFO">${title} = Products</msg>
<var>${title}</var>
<arg>css= .title</arg>
<tag>Assertion</tag>
<tag>Getter</tag>
<tag>PageContent</tag>
<doc>Returns text attribute of the element found by ``selector``.</doc>
<status status="PASS" start="2025-09-24T11:50:28.595889" elapsed="0.044987"/>
</kw>
<kw name="Should Be Equal As Strings" owner="BuiltIn">
<arg>${title}</arg>
<arg>Products</arg>
<doc>Fails if objects are unequal after converting them to strings.</doc>
<status status="PASS" start="2025-09-24T11:50:28.642630" elapsed="0.001478"/>
</kw>
<doc>This test case verifies that logging in with valid credentials navigates to the products page.</doc>
<status status="PASS" start="2025-09-24T11:50:28.206399" elapsed="0.438447"/>
</test>
<kw name="Close Browser" owner="Browser" type="TEARDOWN">
<msg time="2025-09-24T11:50:28.772583" level="INFO">Closed browser</msg>
<tag>BrowserControl</tag>
<tag>Setter</tag>
<doc>Closes the current browser.</doc>
<status status="PASS" start="2025-09-24T11:50:28.672602" elapsed="0.100711"/>
</kw>
<doc>This is a test suite for Diego's Automation Test project.</doc>
<status status="PASS" start="2025-09-24T11:50:25.609165" elapsed="3.164408"/>
</suite>
<status status="PASS" start="2025-09-24T11:50:25.573213" elapsed="3.213446"/>
</suite>
<statistics>
<total>
<stat pass="1" fail="0" skip="0">All Tests</stat>
</total>
<tag>
</tag>
<suite>
<stat name="automationTraining" id="s1" pass="1" fail="0" skip="0">automationTraining</stat>
<stat name="Test" id="s1-s1" pass="1" fail="0" skip="0">automationTraining.Test</stat>
</suite>
</statistics>
<errors>
</errors>
</robot>
